<?xml version="1.0" encoding="UTF-8"?>
<!-- Generated by org.testng.reporters.JUnitXMLReporter -->
<testsuite ignored="0" hostname="DESKTOP-RV4DRS5" failures="0" tests="4" name="ChormeTest" time="36.933" errors="0" timestamp="2025-02-21T16:03:02 PKT">
  <testcase classname="SyntecX.CLRMIS.andrajEDastavezaat" name="andrajEDastavezaat" time="14.937"/>
  <testcase classname="SyntecX.CLRMIS.andrajEDastavezaat" name="talashTabdeliDocument" time="3.701"/>
  <testcase classname="SyntecX.CLRMIS.andrajEDastavezaat" name="registryAndraj" time="4.413"/>
  <testcase classname="SyntecX.CLRMIS.andrajEDastavezaat" name="tabdeliRegistry" time="3.315"/>
</testsuite> <!-- ChormeTest -->
