<?xml version="1.0" encoding="UTF-8"?>
<!-- Generated by org.testng.reporters.JUnitXMLReporter -->
<testsuite ignored="0" hostname="DESKTOP-ROA3C2C" failures="0" tests="14" name="Test" time="84.919" errors="0" timestamp="2024-11-21T17:45:32 PKT">
  <testcase classname="SyntecX.CLRMIS.RolesUsers" name="addRole" time="3.306"/>
  <testcase classname="SyntecX.CLRMIS.RolesUsers" name="permissions" time="0.992"/>
  <testcase classname="SyntecX.CLRMIS.RolesUsers" name="addUser" time="2.363"/>
  <testcase classname="SyntecX.CLRMIS.Launch" name="openWebsite" time="5.267"/>
  <testcase classname="SyntecX.CLRMIS.Launch" name="LoginPage" time="1.229"/>
  <testcase classname="SyntecX.CLRMIS.Launch" name="invalidLogin" time="1.12"/>
  <testcase classname="SyntecX.CLRMIS.Launch" name="testEmptyUserName" time="3.576"/>
  <testcase classname="SyntecX.CLRMIS.Launch" name="testEmptyPassword" time="3.524"/>
  <testcase classname="SyntecX.CLRMIS.Launch" name="successfulLogIn" time="1.205"/>
  <testcase classname="SyntecX.CLRMIS.Launch" name="logOut" time="3.467"/>
  <testcase classname="SyntecX.CLRMIS.Token" name="addToken" time="9.546"/>
  <testcase classname="SyntecX.CLRMIS.Token" name="tokenVerification" time="0.904"/>
  <testcase classname="SyntecX.CLRMIS.Token" name="serchToken" time="0.747"/>
  <testcase classname="SyntecX.CLRMIS.TafseeleMalkiat" name="tafseeleMalkiat" time="10.84"/>
</testsuite> <!-- Test -->
